<?xml version="1.0" encoding="UTF-8"?>
<testsuite name="jp.co.froide.javaframework.JavaframeworkApplicationTests" tests="1" skipped="0" failures="0" errors="0" timestamp="2021-05-13T02:39:27" hostname="FNDM44.local" time="0.503">
  <properties/>
  <testcase name="contextLoads()" classname="jp.co.froide.javaframework.JavaframeworkApplicationTests" time="0.503"/>
  <system-out><![CDATA[11:39:19.433 [Test worker] DEBUG org.springframework.test.context.BootstrapUtils - Instantiating CacheAwareContextLoaderDelegate from class [org.springframework.test.context.cache.DefaultCacheAwareContextLoaderDelegate]
11:39:19.458 [Test worker] DEBUG org.springframework.test.context.BootstrapUtils - Instantiating BootstrapContext using constructor [public org.springframework.test.context.support.DefaultBootstrapContext(java.lang.Class,org.springframework.test.context.CacheAwareContextLoaderDelegate)]
11:39:19.504 [Test worker] DEBUG org.springframework.test.context.BootstrapUtils - Instantiating TestContextBootstrapper for test class [jp.co.froide.javaframework.JavaframeworkApplicationTests] from class [org.springframework.boot.test.context.SpringBootTestContextBootstrapper]
11:39:19.518 [Test worker] INFO org.springframework.boot.test.context.SpringBootTestContextBootstrapper - Neither @ContextConfiguration nor @ContextHierarchy found for test class [jp.co.froide.javaframework.JavaframeworkApplicationTests], using SpringBootContextLoader
11:39:19.531 [Test worker] DEBUG org.springframework.test.context.support.AbstractContextLoader - Did not detect default resource location for test class [jp.co.froide.javaframework.JavaframeworkApplicationTests]: class path resource [jp/co/froide/javaframework/JavaframeworkApplicationTests-context.xml] does not exist
11:39:19.533 [Test worker] DEBUG org.springframework.test.context.support.AbstractContextLoader - Did not detect default resource location for test class [jp.co.froide.javaframework.JavaframeworkApplicationTests]: class path resource [jp/co/froide/javaframework/JavaframeworkApplicationTestsContext.groovy] does not exist
11:39:19.534 [Test worker] INFO org.springframework.test.context.support.AbstractContextLoader - Could not detect default resource locations for test class [jp.co.froide.javaframework.JavaframeworkApplicationTests]: no resource found for suffixes {-context.xml, Context.groovy}.
11:39:19.536 [Test worker] INFO org.springframework.test.context.support.AnnotationConfigContextLoaderUtils - Could not detect default configuration classes for test class [jp.co.froide.javaframework.JavaframeworkApplicationTests]: JavaframeworkApplicationTests does not declare any static, non-private, non-final, nested classes annotated with @Configuration.
11:39:19.637 [Test worker] DEBUG org.springframework.test.context.support.ActiveProfilesUtils - Could not find an 'annotation declaring class' for annotation type [org.springframework.test.context.ActiveProfiles] and class [jp.co.froide.javaframework.JavaframeworkApplicationTests]
11:39:19.750 [Test worker] DEBUG org.springframework.context.annotation.ClassPathScanningCandidateComponentProvider - Identified candidate component class: file [/Users/minori-hagihara/Documents/java-framework/src/javaframework/build/classes/java/main/jp/co/froide/javaframework/JavaframeworkApplication.class]
11:39:19.752 [Test worker] INFO org.springframework.boot.test.context.SpringBootTestContextBootstrapper - Found @SpringBootConfiguration jp.co.froide.javaframework.JavaframeworkApplication for test class jp.co.froide.javaframework.JavaframeworkApplicationTests
11:39:19.907 [Test worker] DEBUG org.springframework.boot.test.context.SpringBootTestContextBootstrapper - @TestExecutionListeners is not present for class [jp.co.froide.javaframework.JavaframeworkApplicationTests]: using defaults.
11:39:19.909 [Test worker] INFO org.springframework.boot.test.context.SpringBootTestContextBootstrapper - Loaded default TestExecutionListener class names from location [META-INF/spring.factories]: [org.springframework.boot.test.autoconfigure.restdocs.RestDocsTestExecutionListener, org.springframework.boot.test.autoconfigure.web.client.MockRestServiceServerResetTestExecutionListener, org.springframework.boot.test.autoconfigure.web.servlet.MockMvcPrintOnlyOnFailureTestExecutionListener, org.springframework.boot.test.autoconfigure.web.servlet.WebDriverTestExecutionListener, org.springframework.boot.test.autoconfigure.webservices.client.MockWebServiceServerTestExecutionListener, org.springframework.boot.test.mock.mockito.MockitoTestExecutionListener, org.springframework.boot.test.mock.mockito.ResetMocksTestExecutionListener, org.springframework.test.context.web.ServletTestExecutionListener, org.springframework.test.context.support.DirtiesContextBeforeModesTestExecutionListener, org.springframework.test.context.event.ApplicationEventsTestExecutionListener, org.springframework.test.context.support.DependencyInjectionTestExecutionListener, org.springframework.test.context.support.DirtiesContextTestExecutionListener, org.springframework.test.context.transaction.TransactionalTestExecutionListener, org.springframework.test.context.jdbc.SqlScriptsTestExecutionListener, org.springframework.test.context.event.EventPublishingTestExecutionListener]
11:39:19.933 [Test worker] DEBUG org.springframework.boot.test.context.SpringBootTestContextBootstrapper - Skipping candidate TestExecutionListener [org.springframework.test.context.transaction.TransactionalTestExecutionListener] due to a missing dependency. Specify custom listener classes or make the default listener classes and their required dependencies available. Offending class: [org.springframework.transaction.interceptor.TransactionAttributeSource]
11:39:19.934 [Test worker] DEBUG org.springframework.boot.test.context.SpringBootTestContextBootstrapper - Skipping candidate TestExecutionListener [org.springframework.test.context.jdbc.SqlScriptsTestExecutionListener] due to a missing dependency. Specify custom listener classes or make the default listener classes and their required dependencies available. Offending class: [org.springframework.transaction.interceptor.TransactionAttribute]
11:39:19.935 [Test worker] INFO org.springframework.boot.test.context.SpringBootTestContextBootstrapper - Using TestExecutionListeners: [org.springframework.test.context.web.ServletTestExecutionListener@4ba9ce18, org.springframework.test.context.support.DirtiesContextBeforeModesTestExecutionListener@b42f7cc9, org.springframework.test.context.event.ApplicationEventsTestExecutionListener@5aae771e, org.springframework.boot.test.mock.mockito.MockitoTestExecutionListener@2e6c6067, org.springframework.boot.test.autoconfigure.SpringBootDependencyInjectionTestExecutionListener@c757c9d8, org.springframework.test.context.support.DirtiesContextTestExecutionListener@63a9140d, org.springframework.test.context.event.EventPublishingTestExecutionListener@a5e63cee, org.springframework.boot.test.autoconfigure.restdocs.RestDocsTestExecutionListener@5c695033, org.springframework.boot.test.autoconfigure.web.client.MockRestServiceServerResetTestExecutionListener@b443bd3e, org.springframework.boot.test.autoconfigure.web.servlet.MockMvcPrintOnlyOnFailureTestExecutionListener@19738972, org.springframework.boot.test.autoconfigure.web.servlet.WebDriverTestExecutionListener@a26ac3a8, org.springframework.boot.test.autoconfigure.webservices.client.MockWebServiceServerTestExecutionListener@5f31fdfd, org.springframework.boot.test.mock.mockito.ResetMocksTestExecutionListener@61db252c]
11:39:19.942 [Test worker] DEBUG org.springframework.test.context.support.AbstractDirtiesContextTestExecutionListener - Before test class: context [DefaultTestContext@af4591a8 testClass = JavaframeworkApplicationTests, testInstance = [null], testMethod = [null], testException = [null], mergedContextConfiguration = [WebMergedContextConfiguration@9280e65a testClass = JavaframeworkApplicationTests, locations = '{}', classes = '{class jp.co.froide.javaframework.JavaframeworkApplication}', contextInitializerClasses = '[]', activeProfiles = '{}', propertySourceLocations = '{}', propertySourceProperties = '{org.springframework.boot.test.context.SpringBootTestContextBootstrapper=true}', contextCustomizers = set[org.springframework.boot.test.autoconfigure.actuate.metrics.MetricsExportContextCustomizerFactory$DisableMetricExportContextCustomizer@192f86fb, org.springframework.boot.test.autoconfigure.properties.PropertyMappingContextCustomizer@0, org.springframework.boot.test.autoconfigure.web.servlet.WebDriverContextCustomizerFactory$Customizer@29a328fe, org.springframework.boot.test.context.filter.ExcludeFilterContextCustomizer@965a5a, org.springframework.boot.test.json.DuplicateJsonObjectContextCustomizerFactory$DuplicateJsonObjectContextCustomizer@ee34441a, org.springframework.boot.test.mock.mockito.MockitoContextCustomizer@0, org.springframework.boot.test.web.client.TestRestTemplateContextCustomizer@e5b457b0, org.springframework.boot.test.context.SpringBootTestArgs@1, org.springframework.boot.test.context.SpringBootTestWebEnvironment@e2ef3bcb], resourceBasePath = 'src/main/webapp', contextLoader = 'org.springframework.boot.test.context.SpringBootContextLoader', parent = [null]], attributes = map['org.springframework.test.context.web.ServletTestExecutionListener.activateListener' -> true]], class annotated with @DirtiesContext [false] with mode [null].
11:39:19.989 [Test worker] DEBUG org.springframework.test.context.support.TestPropertySourceUtils - Adding inlined properties to environment: {spring.jmx.enabled=false, org.springframework.boot.test.context.SpringBootTestContextBootstrapper=true}

  .   ____          _            __ _ _
 /\\ / ___'_ __ _ _(_)_ __  __ _ \ \ \ \
( ( )\___ | '_ | '_| | '_ \/ _` | \ \ \ \
 \\/  ___)| |_)| | | | | || (_| |  ) ) ) )
  '  |____| .__|_| |_|_| |_\__, | / / / /
 =========|_|==============|___/=/_/_/_/
 :: Spring Boot ::                (v2.4.5)

2021-05-13 11:39:25.372  WARN 10170 --- [    Test worker] o.s.boot.StartupInfoLogger               : InetAddress.getLocalHost().getHostName() took 5011 milliseconds to respond. Please verify your network configuration (macOS machines may need to add entries to /etc/hosts).
2021-05-13 11:39:25.376  INFO 10170 --- [    Test worker] j.c.f.j.JavaframeworkApplicationTests    : Starting JavaframeworkApplicationTests using Java 11.0.11 on FNDM44.local with PID 10170 (started by minori-hagihara in /Users/minori-hagihara/Documents/java-framework/src/javaframework)
2021-05-13 11:39:25.382  INFO 10170 --- [    Test worker] j.c.f.j.JavaframeworkApplicationTests    : No active profile set, falling back to default profiles: default
2021-05-13 11:39:26.955  INFO 10170 --- [    Test worker] o.s.s.concurrent.ThreadPoolTaskExecutor  : Initializing ExecutorService 'applicationTaskExecutor'
2021-05-13 11:39:27.473  INFO 10170 --- [    Test worker] j.c.f.j.JavaframeworkApplicationTests    : Started JavaframeworkApplicationTests in 7.473 seconds (JVM running for 9.285)
]]></system-out>
  <system-err><![CDATA[]]></system-err>
</testsuite>
