<?xml version="1.0" encoding="UTF-8"?>
<testsuite name="jp.co.froide.javaframework.ApplicationTests" tests="1" skipped="0" failures="0" errors="0" timestamp="2021-05-18T00:37:07" hostname="FNDM61.local" time="1.08">
  <properties/>
  <testcase name="contextLoads()" classname="jp.co.froide.javaframework.ApplicationTests" time="1.08"/>
  <system-out><![CDATA[09:36:57.053 [Test worker] DEBUG org.springframework.test.context.BootstrapUtils - Instantiating CacheAwareContextLoaderDelegate from class [org.springframework.test.context.cache.DefaultCacheAwareContextLoaderDelegate]
09:36:57.072 [Test worker] DEBUG org.springframework.test.context.BootstrapUtils - Instantiating BootstrapContext using constructor [public org.springframework.test.context.support.DefaultBootstrapContext(java.lang.Class,org.springframework.test.context.CacheAwareContextLoaderDelegate)]
09:36:57.130 [Test worker] DEBUG org.springframework.test.context.BootstrapUtils - Instantiating TestContextBootstrapper for test class [jp.co.froide.javaframework.ApplicationTests] from class [org.springframework.boot.test.context.SpringBootTestContextBootstrapper]
09:36:57.153 [Test worker] INFO org.springframework.boot.test.context.SpringBootTestContextBootstrapper - Neither @ContextConfiguration nor @ContextHierarchy found for test class [jp.co.froide.javaframework.ApplicationTests], using SpringBootContextLoader
09:36:57.159 [Test worker] DEBUG org.springframework.test.context.support.AbstractContextLoader - Did not detect default resource location for test class [jp.co.froide.javaframework.ApplicationTests]: class path resource [jp/co/froide/javaframework/ApplicationTests-context.xml] does not exist
09:36:57.160 [Test worker] DEBUG org.springframework.test.context.support.AbstractContextLoader - Did not detect default resource location for test class [jp.co.froide.javaframework.ApplicationTests]: class path resource [jp/co/froide/javaframework/ApplicationTestsContext.groovy] does not exist
09:36:57.161 [Test worker] INFO org.springframework.test.context.support.AbstractContextLoader - Could not detect default resource locations for test class [jp.co.froide.javaframework.ApplicationTests]: no resource found for suffixes {-context.xml, Context.groovy}.
09:36:57.163 [Test worker] INFO org.springframework.test.context.support.AnnotationConfigContextLoaderUtils - Could not detect default configuration classes for test class [jp.co.froide.javaframework.ApplicationTests]: ApplicationTests does not declare any static, non-private, non-final, nested classes annotated with @Configuration.
09:36:57.269 [Test worker] DEBUG org.springframework.test.context.support.ActiveProfilesUtils - Could not find an 'annotation declaring class' for annotation type [org.springframework.test.context.ActiveProfiles] and class [jp.co.froide.javaframework.ApplicationTests]
09:36:57.351 [Test worker] DEBUG org.springframework.context.annotation.ClassPathScanningCandidateComponentProvider - Identified candidate component class: file [/Users/rio-ikeda/Desktop/java-framework/java-framework/src/examples/ch3_1/build/classes/java/main/jp/co/froide/javaframework/Application.class]
09:36:57.353 [Test worker] INFO org.springframework.boot.test.context.SpringBootTestContextBootstrapper - Found @SpringBootConfiguration jp.co.froide.javaframework.Application for test class jp.co.froide.javaframework.ApplicationTests
09:36:57.506 [Test worker] DEBUG org.springframework.boot.test.context.SpringBootTestContextBootstrapper - @TestExecutionListeners is not present for class [jp.co.froide.javaframework.ApplicationTests]: using defaults.
09:36:57.507 [Test worker] INFO org.springframework.boot.test.context.SpringBootTestContextBootstrapper - Loaded default TestExecutionListener class names from location [META-INF/spring.factories]: [org.springframework.boot.test.autoconfigure.restdocs.RestDocsTestExecutionListener, org.springframework.boot.test.autoconfigure.web.client.MockRestServiceServerResetTestExecutionListener, org.springframework.boot.test.autoconfigure.web.servlet.MockMvcPrintOnlyOnFailureTestExecutionListener, org.springframework.boot.test.autoconfigure.web.servlet.WebDriverTestExecutionListener, org.springframework.boot.test.autoconfigure.webservices.client.MockWebServiceServerTestExecutionListener, org.springframework.boot.test.mock.mockito.MockitoTestExecutionListener, org.springframework.boot.test.mock.mockito.ResetMocksTestExecutionListener, org.springframework.test.context.web.ServletTestExecutionListener, org.springframework.test.context.support.DirtiesContextBeforeModesTestExecutionListener, org.springframework.test.context.event.ApplicationEventsTestExecutionListener, org.springframework.test.context.support.DependencyInjectionTestExecutionListener, org.springframework.test.context.support.DirtiesContextTestExecutionListener, org.springframework.test.context.transaction.TransactionalTestExecutionListener, org.springframework.test.context.jdbc.SqlScriptsTestExecutionListener, org.springframework.test.context.event.EventPublishingTestExecutionListener]
09:36:57.544 [Test worker] INFO org.springframework.boot.test.context.SpringBootTestContextBootstrapper - Using TestExecutionListeners: [org.springframework.test.context.web.ServletTestExecutionListener@743fa66f, org.springframework.test.context.support.DirtiesContextBeforeModesTestExecutionListener@cfb098e, org.springframework.test.context.event.ApplicationEventsTestExecutionListener@7faa17bc, org.springframework.boot.test.mock.mockito.MockitoTestExecutionListener@d9ea508, org.springframework.boot.test.autoconfigure.SpringBootDependencyInjectionTestExecutionListener@41b760a, org.springframework.test.context.support.DirtiesContextTestExecutionListener@50f8a87e, org.springframework.test.context.transaction.TransactionalTestExecutionListener@7fc0522a, org.springframework.test.context.jdbc.SqlScriptsTestExecutionListener@78e1e3f, org.springframework.test.context.event.EventPublishingTestExecutionListener@587a93e2, org.springframework.boot.test.autoconfigure.restdocs.RestDocsTestExecutionListener@4dd47bcb, org.springframework.boot.test.autoconfigure.web.client.MockRestServiceServerResetTestExecutionListener@30782159, org.springframework.boot.test.autoconfigure.web.servlet.MockMvcPrintOnlyOnFailureTestExecutionListener@4770ae8f, org.springframework.boot.test.autoconfigure.web.servlet.WebDriverTestExecutionListener@4b19d000, org.springframework.boot.test.autoconfigure.webservices.client.MockWebServiceServerTestExecutionListener@25fdf08b, org.springframework.boot.test.mock.mockito.ResetMocksTestExecutionListener@54fe7f84]
09:36:57.551 [Test worker] DEBUG org.springframework.test.context.support.AbstractDirtiesContextTestExecutionListener - Before test class: context [DefaultTestContext@a9d8c3d testClass = ApplicationTests, testInstance = [null], testMethod = [null], testException = [null], mergedContextConfiguration = [WebMergedContextConfiguration@48073eae testClass = ApplicationTests, locations = '{}', classes = '{class jp.co.froide.javaframework.Application}', contextInitializerClasses = '[]', activeProfiles = '{}', propertySourceLocations = '{}', propertySourceProperties = '{org.springframework.boot.test.context.SpringBootTestContextBootstrapper=true}', contextCustomizers = set[org.springframework.boot.test.autoconfigure.actuate.metrics.MetricsExportContextCustomizerFactory$DisableMetricExportContextCustomizer@381a6305, org.springframework.boot.test.autoconfigure.properties.PropertyMappingContextCustomizer@0, org.springframework.boot.test.autoconfigure.web.servlet.WebDriverContextCustomizerFactory$Customizer@13a54ea2, org.springframework.boot.test.context.filter.ExcludeFilterContextCustomizer@4e6a4b3c, org.springframework.boot.test.json.DuplicateJsonObjectContextCustomizerFactory$DuplicateJsonObjectContextCustomizer@5dff144b, org.springframework.boot.test.mock.mockito.MockitoContextCustomizer@0, org.springframework.boot.test.web.client.TestRestTemplateContextCustomizer@2ab791cf, org.springframework.boot.test.context.SpringBootTestArgs@1, org.springframework.boot.test.context.SpringBootTestWebEnvironment@1df5e4d5], resourceBasePath = 'src/main/webapp', contextLoader = 'org.springframework.boot.test.context.SpringBootContextLoader', parent = [null]], attributes = map['org.springframework.test.context.web.ServletTestExecutionListener.activateListener' -> true]], class annotated with @DirtiesContext [false] with mode [null].
09:36:57.596 [Test worker] DEBUG org.springframework.test.context.support.TestPropertySourceUtils - Adding inlined properties to environment: {spring.jmx.enabled=false, org.springframework.boot.test.context.SpringBootTestContextBootstrapper=true}

  .   ____          _            __ _ _
 /\\ / ___'_ __ _ _(_)_ __  __ _ \ \ \ \
( ( )\___ | '_ | '_| | '_ \/ _` | \ \ \ \
 \\/  ___)| |_)| | | | | || (_| |  ) ) ) )
  '  |____| .__|_| |_|_| |_\__, | / / / /
 =========|_|==============|___/=/_/_/_/
 :: Spring Boot ::                (v2.4.4)

2021/05/18 09:37:03 INFO  [Test worker] - Starting ApplicationTests using Java 11.0.11 on FNDM61.local with PID 6805 (started by rio-ikeda in /Users/rio-ikeda/Desktop/java-framework/java-framework/src/examples/ch3_1)
2021/05/18 09:37:03 INFO  [Test worker] - No active profile set, falling back to default profiles: default
2021/05/18 09:37:03 INFO  [background-preinit] - HV000001: Hibernate Validator 6.1.7.Final
2021/05/18 09:37:05 INFO  [Test worker] - Initializing ExecutorService 'applicationTaskExecutor'
2021/05/18 09:37:06 INFO  [Test worker] - HikariPool-1 - Starting...
2021/05/18 09:37:07 INFO  [Test worker] - HikariPool-1 - Start completed.
2021/05/18 09:37:07 INFO  [Test worker] - Started ApplicationTests in 9.678 seconds (JVM running for 11.601)
]]></system-out>
  <system-err><![CDATA[]]></system-err>
</testsuite>
